mode: atomic
github.com/mindmelting/powerpalgo/errors.go:12.54,14.2 1 0
github.com/mindmelting/powerpalgo/errors.go:16.53,18.2 1 0
github.com/mindmelting/powerpalgo/errors.go:20.47,22.2 1 0
github.com/mindmelting/powerpalgo/powerpal.go:30.53,35.2 1 4
github.com/mindmelting/powerpalgo/powerpal.go:37.54,46.16 5 4
github.com/mindmelting/powerpalgo/powerpal.go:50.2,54.38 3 4
github.com/mindmelting/powerpalgo/powerpal.go:64.2,68.16 3 1
github.com/mindmelting/powerpalgo/powerpal.go:72.2,72.20 1 1
github.com/mindmelting/powerpalgo/powerpal.go:46.16,48.3 1 0
github.com/mindmelting/powerpalgo/powerpal.go:54.38,55.49 1 3
github.com/mindmelting/powerpalgo/powerpal.go:58.3,58.46 1 2
github.com/mindmelting/powerpalgo/powerpal.go:61.3,61.67 1 1
github.com/mindmelting/powerpalgo/powerpal.go:55.49,57.4 1 1
github.com/mindmelting/powerpalgo/powerpal.go:58.46,60.4 1 1
github.com/mindmelting/powerpalgo/powerpal.go:68.16,70.3 1 0
